mode: set
github.com/K8sNetworkPlumbingWG/kubemacpool/pkg/pool-manager/pod_pool.go:29.61,36.9 5 1
github.com/K8sNetworkPlumbingWG/kubemacpool/pkg/pool-manager/pod_pool.go:40.2,41.16 2 1
github.com/K8sNetworkPlumbingWG/kubemacpool/pkg/pool-manager/pod_pool.go:45.2,47.24 2 1
github.com/K8sNetworkPlumbingWG/kubemacpool/pkg/pool-manager/pod_pool.go:51.2,51.30 1 1
github.com/K8sNetworkPlumbingWG/kubemacpool/pkg/pool-manager/pod_pool.go:57.2,58.35 2 1
github.com/K8sNetworkPlumbingWG/kubemacpool/pkg/pool-manager/pod_pool.go:74.2,75.16 2 1
github.com/K8sNetworkPlumbingWG/kubemacpool/pkg/pool-manager/pod_pool.go:78.2,80.12 2 1
github.com/K8sNetworkPlumbingWG/kubemacpool/pkg/pool-manager/pod_pool.go:36.9,38.3 1 0
github.com/K8sNetworkPlumbingWG/kubemacpool/pkg/pool-manager/pod_pool.go:41.16,43.3 1 0
github.com/K8sNetworkPlumbingWG/kubemacpool/pkg/pool-manager/pod_pool.go:47.24,49.3 1 0
github.com/K8sNetworkPlumbingWG/kubemacpool/pkg/pool-manager/pod_pool.go:51.30,55.3 2 0
github.com/K8sNetworkPlumbingWG/kubemacpool/pkg/pool-manager/pod_pool.go:58.35,59.31 1 1
github.com/K8sNetworkPlumbingWG/kubemacpool/pkg/pool-manager/pod_pool.go:59.31,60.77 1 0
github.com/K8sNetworkPlumbingWG/kubemacpool/pkg/pool-manager/pod_pool.go:60.77,62.5 1 0
github.com/K8sNetworkPlumbingWG/kubemacpool/pkg/pool-manager/pod_pool.go:63.9,65.18 2 1
github.com/K8sNetworkPlumbingWG/kubemacpool/pkg/pool-manager/pod_pool.go:69.4,70.46 2 1
github.com/K8sNetworkPlumbingWG/kubemacpool/pkg/pool-manager/pod_pool.go:65.18,67.5 1 0
github.com/K8sNetworkPlumbingWG/kubemacpool/pkg/pool-manager/pod_pool.go:75.16,77.3 1 0
github.com/K8sNetworkPlumbingWG/kubemacpool/pkg/pool-manager/pod_pool.go:83.59,91.9 5 1
github.com/K8sNetworkPlumbingWG/kubemacpool/pkg/pool-manager/pod_pool.go:97.2,97.20 1 1
github.com/K8sNetworkPlumbingWG/kubemacpool/pkg/pool-manager/pod_pool.go:102.2,102.34 1 1
github.com/K8sNetworkPlumbingWG/kubemacpool/pkg/pool-manager/pod_pool.go:107.2,109.12 3 1
github.com/K8sNetworkPlumbingWG/kubemacpool/pkg/pool-manager/pod_pool.go:91.9,95.3 2 0
github.com/K8sNetworkPlumbingWG/kubemacpool/pkg/pool-manager/pod_pool.go:97.20,100.3 2 0
github.com/K8sNetworkPlumbingWG/kubemacpool/pkg/pool-manager/pod_pool.go:102.34,105.3 2 1
github.com/K8sNetworkPlumbingWG/kubemacpool/pkg/pool-manager/pod_pool.go:112.91,113.54 1 1
github.com/K8sNetworkPlumbingWG/kubemacpool/pkg/pool-manager/pod_pool.go:117.2,117.51 1 1
github.com/K8sNetworkPlumbingWG/kubemacpool/pkg/pool-manager/pod_pool.go:124.2,125.50 2 1
github.com/K8sNetworkPlumbingWG/kubemacpool/pkg/pool-manager/pod_pool.go:128.2,134.12 3 1
github.com/K8sNetworkPlumbingWG/kubemacpool/pkg/pool-manager/pod_pool.go:113.54,115.3 1 0
github.com/K8sNetworkPlumbingWG/kubemacpool/pkg/pool-manager/pod_pool.go:117.51,122.3 3 0
github.com/K8sNetworkPlumbingWG/kubemacpool/pkg/pool-manager/pod_pool.go:125.50,127.3 1 1
github.com/K8sNetworkPlumbingWG/kubemacpool/pkg/pool-manager/pod_pool.go:137.76,139.16 2 1
github.com/K8sNetworkPlumbingWG/kubemacpool/pkg/pool-manager/pod_pool.go:143.2,144.50 2 1
github.com/K8sNetworkPlumbingWG/kubemacpool/pkg/pool-manager/pod_pool.go:147.2,152.30 3 1
github.com/K8sNetworkPlumbingWG/kubemacpool/pkg/pool-manager/pod_pool.go:139.16,141.3 1 0
github.com/K8sNetworkPlumbingWG/kubemacpool/pkg/pool-manager/pod_pool.go:144.50,146.3 1 1
github.com/K8sNetworkPlumbingWG/kubemacpool/pkg/pool-manager/pod_pool.go:155.44,157.2 1 1
github.com/K8sNetworkPlumbingWG/kubemacpool/pkg/pool-manager/pod_pool.go:159.113,162.23 2 1
github.com/K8sNetworkPlumbingWG/kubemacpool/pkg/pool-manager/pod_pool.go:166.2,166.48 1 1
github.com/K8sNetworkPlumbingWG/kubemacpool/pkg/pool-manager/pod_pool.go:175.2,175.35 1 1
github.com/K8sNetworkPlumbingWG/kubemacpool/pkg/pool-manager/pod_pool.go:181.2,181.22 1 1
github.com/K8sNetworkPlumbingWG/kubemacpool/pkg/pool-manager/pod_pool.go:162.23,164.3 1 0
github.com/K8sNetworkPlumbingWG/kubemacpool/pkg/pool-manager/pod_pool.go:166.48,167.72 1 1
github.com/K8sNetworkPlumbingWG/kubemacpool/pkg/pool-manager/pod_pool.go:167.72,169.4 1 0
github.com/K8sNetworkPlumbingWG/kubemacpool/pkg/pool-manager/pod_pool.go:170.8,173.3 2 0
github.com/K8sNetworkPlumbingWG/kubemacpool/pkg/pool-manager/pod_pool.go:175.35,176.30 1 1
github.com/K8sNetworkPlumbingWG/kubemacpool/pkg/pool-manager/pod_pool.go:176.30,178.4 1 1
github.com/K8sNetworkPlumbingWG/kubemacpool/pkg/pool-manager/pool.go:51.143,53.16 2 1
github.com/K8sNetworkPlumbingWG/kubemacpool/pkg/pool-manager/pool.go:57.2,66.38 1 1
github.com/K8sNetworkPlumbingWG/kubemacpool/pkg/pool-manager/pool.go:53.16,55.3 1 1
github.com/K8sNetworkPlumbingWG/kubemacpool/pkg/pool-manager/pool.go:69.62,75.32 2 1
github.com/K8sNetworkPlumbingWG/kubemacpool/pkg/pool-manager/pool.go:94.2,94.45 1 0
github.com/K8sNetworkPlumbingWG/kubemacpool/pkg/pool-manager/pool.go:75.32,78.7 1 1
github.com/K8sNetworkPlumbingWG/kubemacpool/pkg/pool-manager/pool.go:91.3,91.28 1 0
github.com/K8sNetworkPlumbingWG/kubemacpool/pkg/pool-manager/pool.go:78.7,80.55 2 1
github.com/K8sNetworkPlumbingWG/kubemacpool/pkg/pool-manager/pool.go:86.4,86.50 1 0
github.com/K8sNetworkPlumbingWG/kubemacpool/pkg/pool-manager/pool.go:80.55,84.5 3 1
github.com/K8sNetworkPlumbingWG/kubemacpool/pkg/pool-manager/pool.go:86.50,87.10 1 0
github.com/K8sNetworkPlumbingWG/kubemacpool/pkg/pool-manager/pool.go:97.37,99.25 1 1
github.com/K8sNetworkPlumbingWG/kubemacpool/pkg/pool-manager/pool.go:99.25,102.17 3 1
github.com/K8sNetworkPlumbingWG/kubemacpool/pkg/pool-manager/pool.go:106.3,106.20 1 1
github.com/K8sNetworkPlumbingWG/kubemacpool/pkg/pool-manager/pool.go:102.17,105.4 2 0
github.com/K8sNetworkPlumbingWG/kubemacpool/pkg/pool-manager/pool.go:110.40,113.16 3 1
github.com/K8sNetworkPlumbingWG/kubemacpool/pkg/pool-manager/pool.go:117.2,117.33 1 1
github.com/K8sNetworkPlumbingWG/kubemacpool/pkg/pool-manager/pool.go:151.2,151.12 1 1
github.com/K8sNetworkPlumbingWG/kubemacpool/pkg/pool-manager/pool.go:113.16,115.3 1 0
github.com/K8sNetworkPlumbingWG/kubemacpool/pkg/pool-manager/pool.go:117.33,119.29 2 1
github.com/K8sNetworkPlumbingWG/kubemacpool/pkg/pool-manager/pool.go:123.3,124.10 2 1
github.com/K8sNetworkPlumbingWG/kubemacpool/pkg/pool-manager/pool.go:128.3,129.17 2 1
github.com/K8sNetworkPlumbingWG/kubemacpool/pkg/pool-manager/pool.go:132.3,134.36 2 1
github.com/K8sNetworkPlumbingWG/kubemacpool/pkg/pool-manager/pool.go:119.29,120.12 1 0
github.com/K8sNetworkPlumbingWG/kubemacpool/pkg/pool-manager/pool.go:124.10,125.12 1 0
github.com/K8sNetworkPlumbingWG/kubemacpool/pkg/pool-manager/pool.go:129.17,130.12 1 0
github.com/K8sNetworkPlumbingWG/kubemacpool/pkg/pool-manager/pool.go:134.36,135.32 1 1
github.com/K8sNetworkPlumbingWG/kubemacpool/pkg/pool-manager/pool.go:139.4,139.78 1 1
github.com/K8sNetworkPlumbingWG/kubemacpool/pkg/pool-manager/pool.go:135.32,136.13 1 0
github.com/K8sNetworkPlumbingWG/kubemacpool/pkg/pool-manager/pool.go:139.78,146.13 2 0
github.com/K8sNetworkPlumbingWG/kubemacpool/pkg/pool-manager/pool.go:154.58,155.32 1 1
github.com/K8sNetworkPlumbingWG/kubemacpool/pkg/pool-manager/pool.go:161.2,161.90 1 1
github.com/K8sNetworkPlumbingWG/kubemacpool/pkg/pool-manager/pool.go:155.32,156.34 1 1
github.com/K8sNetworkPlumbingWG/kubemacpool/pkg/pool-manager/pool.go:156.34,158.4 1 1
github.com/K8sNetworkPlumbingWG/kubemacpool/pkg/pool-manager/pool.go:164.63,165.32 1 1
github.com/K8sNetworkPlumbingWG/kubemacpool/pkg/pool-manager/pool.go:172.2,172.19 1 1
github.com/K8sNetworkPlumbingWG/kubemacpool/pkg/pool-manager/pool.go:165.32,167.27 2 1
github.com/K8sNetworkPlumbingWG/kubemacpool/pkg/pool-manager/pool.go:167.27,168.9 1 1
github.com/K8sNetworkPlumbingWG/kubemacpool/pkg/pool-manager/virtualmachine_pool.go:27.96,32.75 4 1
github.com/K8sNetworkPlumbingWG/kubemacpool/pkg/pool-manager/virtualmachine_pool.go:37.2,37.58 1 1
github.com/K8sNetworkPlumbingWG/kubemacpool/pkg/pool-manager/virtualmachine_pool.go:43.2,44.69 2 1
github.com/K8sNetworkPlumbingWG/kubemacpool/pkg/pool-manager/virtualmachine_pool.go:48.2,53.86 2 1
github.com/K8sNetworkPlumbingWG/kubemacpool/pkg/pool-manager/virtualmachine_pool.go:71.2,71.12 1 1
github.com/K8sNetworkPlumbingWG/kubemacpool/pkg/pool-manager/virtualmachine_pool.go:32.75,35.3 2 0
github.com/K8sNetworkPlumbingWG/kubemacpool/pkg/pool-manager/virtualmachine_pool.go:37.58,41.3 2 0
github.com/K8sNetworkPlumbingWG/kubemacpool/pkg/pool-manager/virtualmachine_pool.go:44.69,46.3 1 1
github.com/K8sNetworkPlumbingWG/kubemacpool/pkg/pool-manager/virtualmachine_pool.go:53.86,54.90 1 1
github.com/K8sNetworkPlumbingWG/kubemacpool/pkg/pool-manager/virtualmachine_pool.go:59.3,59.29 1 1
github.com/K8sNetworkPlumbingWG/kubemacpool/pkg/pool-manager/virtualmachine_pool.go:54.90,56.12 2 1
github.com/K8sNetworkPlumbingWG/kubemacpool/pkg/pool-manager/virtualmachine_pool.go:59.29,60.106 1 0
github.com/K8sNetworkPlumbingWG/kubemacpool/pkg/pool-manager/virtualmachine_pool.go:60.106,62.5 1 0
github.com/K8sNetworkPlumbingWG/kubemacpool/pkg/pool-manager/virtualmachine_pool.go:63.9,65.18 2 1
github.com/K8sNetworkPlumbingWG/kubemacpool/pkg/pool-manager/virtualmachine_pool.go:68.4,68.89 1 1
github.com/K8sNetworkPlumbingWG/kubemacpool/pkg/pool-manager/virtualmachine_pool.go:65.18,67.5 1 0
github.com/K8sNetworkPlumbingWG/kubemacpool/pkg/pool-manager/virtualmachine_pool.go:74.81,82.9 5 1
github.com/K8sNetworkPlumbingWG/kubemacpool/pkg/pool-manager/virtualmachine_pool.go:87.2,87.20 1 1
github.com/K8sNetworkPlumbingWG/kubemacpool/pkg/pool-manager/virtualmachine_pool.go:92.2,92.34 1 1
github.com/K8sNetworkPlumbingWG/kubemacpool/pkg/pool-manager/virtualmachine_pool.go:97.2,99.12 3 1
github.com/K8sNetworkPlumbingWG/kubemacpool/pkg/pool-manager/virtualmachine_pool.go:82.9,85.3 2 0
github.com/K8sNetworkPlumbingWG/kubemacpool/pkg/pool-manager/virtualmachine_pool.go:87.20,90.3 2 0
github.com/K8sNetworkPlumbingWG/kubemacpool/pkg/pool-manager/virtualmachine_pool.go:92.34,95.3 2 1
github.com/K8sNetworkPlumbingWG/kubemacpool/pkg/pool-manager/virtualmachine_pool.go:102.114,104.16 2 1
github.com/K8sNetworkPlumbingWG/kubemacpool/pkg/pool-manager/virtualmachine_pool.go:108.2,109.59 2 1
github.com/K8sNetworkPlumbingWG/kubemacpool/pkg/pool-manager/virtualmachine_pool.go:112.2,117.30 3 1
github.com/K8sNetworkPlumbingWG/kubemacpool/pkg/pool-manager/virtualmachine_pool.go:104.16,106.3 1 0
github.com/K8sNetworkPlumbingWG/kubemacpool/pkg/pool-manager/virtualmachine_pool.go:109.59,111.3 1 1
github.com/K8sNetworkPlumbingWG/kubemacpool/pkg/pool-manager/virtualmachine_pool.go:120.135,121.54 1 0
github.com/K8sNetworkPlumbingWG/kubemacpool/pkg/pool-manager/virtualmachine_pool.go:125.2,125.51 1 0
github.com/K8sNetworkPlumbingWG/kubemacpool/pkg/pool-manager/virtualmachine_pool.go:132.2,133.59 2 0
github.com/K8sNetworkPlumbingWG/kubemacpool/pkg/pool-manager/virtualmachine_pool.go:137.2,143.12 3 0
github.com/K8sNetworkPlumbingWG/kubemacpool/pkg/pool-manager/virtualmachine_pool.go:121.54,123.3 1 0
github.com/K8sNetworkPlumbingWG/kubemacpool/pkg/pool-manager/virtualmachine_pool.go:125.51,130.3 3 0
github.com/K8sNetworkPlumbingWG/kubemacpool/pkg/pool-manager/virtualmachine_pool.go:133.59,135.3 1 0
github.com/K8sNetworkPlumbingWG/kubemacpool/pkg/pool-manager/virtualmachine_pool.go:146.48,148.2 1 0
github.com/K8sNetworkPlumbingWG/kubemacpool/pkg/pool-manager/virtualmachine_pool.go:150.48,151.43 1 1
github.com/K8sNetworkPlumbingWG/kubemacpool/pkg/pool-manager/virtualmachine_pool.go:155.2,155.42 1 0
github.com/K8sNetworkPlumbingWG/kubemacpool/pkg/pool-manager/virtualmachine_pool.go:161.2,161.14 1 0
github.com/K8sNetworkPlumbingWG/kubemacpool/pkg/pool-manager/virtualmachine_pool.go:151.43,153.3 1 1
github.com/K8sNetworkPlumbingWG/kubemacpool/pkg/pool-manager/virtualmachine_pool.go:155.42,156.71 1 0
github.com/K8sNetworkPlumbingWG/kubemacpool/pkg/pool-manager/virtualmachine_pool.go:156.71,158.4 1 0
github.com/K8sNetworkPlumbingWG/kubemacpool/pkg/pool-manager/virtualmachine_pool.go:164.60,166.2 1 1
